<?xml version="1.0" encoding="UTF-8"?>
<coverage generated="1740923008546" clover="3.2.0">
  <project timestamp="1740923008547" name="All files">
    <metrics statements="32" coveredstatements="14" conditionals="10" coveredconditionals="4" methods="12" coveredmethods="0" elements="54" coveredelements="18" complexity="0" loc="32" ncloc="32" packages="5" files="6" classes="6"/>
    <package name="app">
      <metrics statements="3" coveredstatements="1" conditionals="0" coveredconditionals="0" methods="2" coveredmethods="0"/>
      <file name="page.tsx" path="/mnt/c/users/prave/Desktop/Github_Projects/llm-ecommerce/src/app/page.tsx">
        <metrics statements="3" coveredstatements="1" conditionals="0" coveredconditionals="0" methods="2" coveredmethods="0"/>
        <line num="3" count="1" type="stmt"/>
        <line num="5" count="0" type="stmt"/>
        <line num="22" count="0" type="stmt"/>
      </file>
    </package>
    <package name="app.shop">
      <metrics statements="4" coveredstatements="0" conditionals="2" coveredconditionals="0" methods="4" coveredmethods="0"/>
      <file name="page.tsx" path="/mnt/c/users/prave/Desktop/Github_Projects/llm-ecommerce/src/app/shop/page.tsx">
        <metrics statements="4" coveredstatements="0" conditionals="2" coveredconditionals="0" methods="4" coveredmethods="0"/>
        <line num="1" count="0" type="stmt"/>
        <line num="15" count="0" type="stmt"/>
        <line num="59" count="0" type="stmt"/>
        <line num="78" count="0" type="stmt"/>
      </file>
    </package>
    <package name="components.layout">
      <metrics statements="5" coveredstatements="3" conditionals="0" coveredconditionals="0" methods="2" coveredmethods="0"/>
      <file name="Footer.tsx" path="/mnt/c/users/prave/Desktop/Github_Projects/llm-ecommerce/src/components/layout/Footer.tsx">
        <metrics statements="2" coveredstatements="1" conditionals="0" coveredconditionals="0" methods="1" coveredmethods="0"/>
        <line num="3" count="2" type="stmt"/>
        <line num="20" count="0" type="stmt"/>
      </file>
      <file name="Layout.tsx" path="/mnt/c/users/prave/Desktop/Github_Projects/llm-ecommerce/src/components/layout/Layout.tsx">
        <metrics statements="3" coveredstatements="2" conditionals="0" coveredconditionals="0" methods="1" coveredmethods="0"/>
        <line num="4" count="1" type="stmt"/>
        <line num="5" count="1" type="stmt"/>
        <line num="11" count="0" type="stmt"/>
      </file>
    </package>
    <package name="components.navigation">
      <metrics statements="7" coveredstatements="3" conditionals="2" coveredconditionals="0" methods="3" coveredmethods="0"/>
      <file name="Navigation.tsx" path="/mnt/c/users/prave/Desktop/Github_Projects/llm-ecommerce/src/components/navigation/Navigation.tsx">
        <metrics statements="7" coveredstatements="3" conditionals="2" coveredconditionals="0" methods="3" coveredmethods="0"/>
        <line num="3" count="1" type="stmt"/>
        <line num="4" count="1" type="stmt"/>
        <line num="12" count="1" type="stmt"/>
        <line num="27" count="0" type="stmt"/>
        <line num="28" count="0" type="stmt"/>
        <line num="30" count="0" type="stmt"/>
        <line num="48" count="0" type="stmt"/>
      </file>
    </package>
    <package name="lib.db">
      <metrics statements="13" coveredstatements="7" conditionals="6" coveredconditionals="4" methods="1" coveredmethods="0"/>
      <file name="prisma.ts" path="/mnt/c/users/prave/Desktop/Github_Projects/llm-ecommerce/src/lib/db/prisma.ts">
        <metrics statements="13" coveredstatements="7" conditionals="6" coveredconditionals="4" methods="1" coveredmethods="0"/>
        <line num="1" count="1" type="stmt"/>
        <line num="7" count="1" type="stmt"/>
        <line num="9" count="6" type="stmt"/>
        <line num="10" count="1" type="cond" truecount="2" falsecount="0"/>
        <line num="15" count="1" type="cond" truecount="1" falsecount="0"/>
        <line num="18" count="1" type="cond" truecount="0" falsecount="1"/>
        <line num="19" count="0" type="stmt"/>
        <line num="20" count="0" type="stmt"/>
        <line num="21" count="0" type="stmt"/>
        <line num="22" count="0" type="stmt"/>
        <line num="23" count="0" type="stmt"/>
        <line num="26" count="0" type="stmt"/>
        <line num="30" count="1" type="stmt"/>
      </file>
    </package>
  </project>
</coverage>
