{"/mnt/c/users/prave/Desktop/Github_Projects/llm-ecommerce/src/app/page.tsx": {"path":"/mnt/c/users/prave/Desktop/Github_Projects/llm-ecommerce/src/app/page.tsx","statementMap":{"0":{"start":{"line":5,"column":24},"end":{"line":5,"column":null}},"1":{"start":{"line":3,"column":17},"end":{"line":3,"column":null}},"2":{"start":{"line":22,"column":12},"end":{"line":22,"column":28}}},"fnMap":{"0":{"name":"Home","decl":{"start":{"line":5,"column":24},"end":{"line":5,"column":null}},"loc":{"start":{"line":5,"column":24},"end":{"line":40,"column":null}}},"1":{"name":"(anonymous_3)","decl":{"start":{"line":21,"column":25},"end":{"line":21,"column":26}},"loc":{"start":{"line":22,"column":12},"end":{"line":22,"column":28}}}},"branchMap":{},"s":{"0":0,"1":1,"2":0},"f":{"0":0,"1":0},"b":{}}
,"/mnt/c/users/prave/Desktop/Github_Projects/llm-ecommerce/src/app/shop/page.tsx": {"path":"/mnt/c/users/prave/Desktop/Github_Projects/llm-ecommerce/src/app/shop/page.tsx","statementMap":{"0":{"start":{"line":1,"column":24},"end":{"line":1,"column":null}},"1":{"start":{"line":15,"column":18},"end":{"line":15,"column":38}},"2":{"start":{"line":59,"column":14},"end":{"line":59,"column":30}},"3":{"start":{"line":78,"column":16},"end":{"line":79,"column":null}}},"fnMap":{"0":{"name":"Shop","decl":{"start":{"line":1,"column":24},"end":{"line":1,"column":null}},"loc":{"start":{"line":1,"column":24},"end":{"line":93,"column":null}}},"1":{"name":"(anonymous_2)","decl":{"start":{"line":14,"column":83},"end":{"line":14,"column":null}},"loc":{"start":{"line":15,"column":18},"end":{"line":15,"column":38}}},"2":{"name":"(anonymous_3)","decl":{"start":{"line":58,"column":45},"end":{"line":58,"column":46}},"loc":{"start":{"line":59,"column":14},"end":{"line":59,"column":30}}},"3":{"name":"(anonymous_4)","decl":{"start":{"line":77,"column":29},"end":{"line":77,"column":null}},"loc":{"start":{"line":78,"column":16},"end":{"line":79,"column":null}}}},"branchMap":{"0":{"loc":{"start":{"line":81,"column":20},"end":{"line":81,"column":null}},"type":"cond-expr","locations":[{"start":{"line":81,"column":33},"end":{"line":81,"column":60}},{"start":{"line":81,"column":60},"end":{"line":81,"column":null}}]}},"s":{"0":0,"1":0,"2":0,"3":0},"f":{"0":0,"1":0,"2":0,"3":0},"b":{"0":[0,0]}}
,"/mnt/c/users/prave/Desktop/Github_Projects/llm-ecommerce/src/components/layout/Footer.tsx": {"path":"/mnt/c/users/prave/Desktop/Github_Projects/llm-ecommerce/src/components/layout/Footer.tsx","statementMap":{"0":{"start":{"line":20,"column":24},"end":{"line":20,"column":null}},"1":{"start":{"line":3,"column":17},"end":{"line":3,"column":null}}},"fnMap":{"0":{"name":"Footer","decl":{"start":{"line":20,"column":24},"end":{"line":20,"column":null}},"loc":{"start":{"line":20,"column":24},"end":{"line":90,"column":null}}}},"branchMap":{},"s":{"0":0,"1":2},"f":{"0":0},"b":{}}
,"/mnt/c/users/prave/Desktop/Github_Projects/llm-ecommerce/src/components/layout/Layout.tsx": {"path":"/mnt/c/users/prave/Desktop/Github_Projects/llm-ecommerce/src/components/layout/Layout.tsx","statementMap":{"0":{"start":{"line":11,"column":24},"end":{"line":11,"column":31}},"1":{"start":{"line":4,"column":23},"end":{"line":4,"column":null}},"2":{"start":{"line":5,"column":19},"end":{"line":5,"column":null}}},"fnMap":{"0":{"name":"Layout","decl":{"start":{"line":11,"column":24},"end":{"line":11,"column":31}},"loc":{"start":{"line":11,"column":56},"end":{"line":21,"column":null}}}},"branchMap":{},"s":{"0":0,"1":1,"2":1},"f":{"0":0},"b":{}}
,"/mnt/c/users/prave/Desktop/Github_Projects/llm-ecommerce/src/components/navigation/Navigation.tsx": {"path":"/mnt/c/users/prave/Desktop/Github_Projects/llm-ecommerce/src/components/navigation/Navigation.tsx","statementMap":{"0":{"start":{"line":27,"column":24},"end":{"line":27,"column":null}},"1":{"start":{"line":3,"column":28},"end":{"line":3,"column":null}},"2":{"start":{"line":4,"column":17},"end":{"line":4,"column":null}},"3":{"start":{"line":12,"column":16},"end":{"line":25,"column":null}},"4":{"start":{"line":28,"column":19},"end":{"line":28,"column":null}},"5":{"start":{"line":30,"column":19},"end":{"line":38,"column":null}},"6":{"start":{"line":48,"column":14},"end":{"line":49,"column":null}}},"fnMap":{"0":{"name":"(anonymous_2)","decl":{"start":{"line":12,"column":16},"end":{"line":12,"column":17}},"loc":{"start":{"line":12,"column":56},"end":{"line":25,"column":null}}},"1":{"name":"Navigation","decl":{"start":{"line":27,"column":24},"end":{"line":27,"column":null}},"loc":{"start":{"line":27,"column":24},"end":{"line":80,"column":null}}},"2":{"name":"(anonymous_4)","decl":{"start":{"line":47,"column":26},"end":{"line":47,"column":27}},"loc":{"start":{"line":48,"column":14},"end":{"line":49,"column":null}}}},"branchMap":{"0":{"loc":{"start":{"line":17,"column":8},"end":{"line":19,"column":null}},"type":"cond-expr","locations":[{"start":{"line":18,"column":12},"end":{"line":18,"column":null}},{"start":{"line":19,"column":12},"end":{"line":19,"column":null}}]}},"s":{"0":0,"1":1,"2":1,"3":1,"4":0,"5":0,"6":0},"f":{"0":0,"1":0,"2":0},"b":{"0":[0,0]}}
,"/mnt/c/users/prave/Desktop/Github_Projects/llm-ecommerce/src/lib/db/prisma.ts": {"path":"/mnt/c/users/prave/Desktop/Github_Projects/llm-ecommerce/src/lib/db/prisma.ts","statementMap":{"0":{"start":{"line":30,"column":0},"end":{"line":30,"column":15}},"1":{"start":{"line":9,"column":13},"end":{"line":9,"column":19}},"2":{"start":{"line":1,"column":29},"end":{"line":1,"column":null}},"3":{"start":{"line":7,"column":24},"end":{"line":7,"column":null}},"4":{"start":{"line":10,"column":2},"end":{"line":13,"column":null}},"5":{"start":{"line":15,"column":0},"end":{"line":15,"column":null}},"6":{"start":{"line":15,"column":43},"end":{"line":15,"column":null}},"7":{"start":{"line":18,"column":0},"end":{"line":28,"column":null}},"8":{"start":{"line":19,"column":2},"end":{"line":27,"column":null}},"9":{"start":{"line":20,"column":19},"end":{"line":20,"column":null}},"10":{"start":{"line":21,"column":19},"end":{"line":21,"column":null}},"11":{"start":{"line":22,"column":18},"end":{"line":22,"column":null}},"12":{"start":{"line":23,"column":4},"end":{"line":24,"column":null}},"13":{"start":{"line":26,"column":4},"end":{"line":26,"column":null}},"14":{"start":{"line":30,"column":15},"end":{"line":30,"column":22}}},"fnMap":{"0":{"name":"(anonymous_3)","decl":{"start":{"line":19,"column":14},"end":{"line":19,"column":21}},"loc":{"start":{"line":19,"column":29},"end":{"line":27,"column":null}}}},"branchMap":{"0":{"loc":{"start":{"line":10,"column":2},"end":{"line":13,"column":null}},"type":"binary-expr","locations":[{"start":{"line":10,"column":2},"end":{"line":10,"column":24}},{"start":{"line":11,"column":2},"end":{"line":13,"column":null}}]},"1":{"loc":{"start":{"line":12,"column":9},"end":{"line":12,"column":null}},"type":"cond-expr","locations":[{"start":{"line":12,"column":50},"end":{"line":12,"column":79}},{"start":{"line":12,"column":79},"end":{"line":12,"column":null}}]},"2":{"loc":{"start":{"line":15,"column":0},"end":{"line":15,"column":null}},"type":"if","locations":[{"start":{"line":15,"column":0},"end":{"line":15,"column":null}}]},"3":{"loc":{"start":{"line":18,"column":0},"end":{"line":28,"column":null}},"type":"if","locations":[{"start":{"line":18,"column":0},"end":{"line":28,"column":null}}]}},"s":{"0":0,"1":6,"2":1,"3":1,"4":1,"5":1,"6":1,"7":1,"8":0,"9":0,"10":0,"11":0,"12":0,"13":0,"14":1},"f":{"0":0},"b":{"0":[1,1],"1":[0,1],"2":[1],"3":[0]}}
}
