TN:
SF:src/app/page.tsx
FN:5,Home
FN:21,(anonymous_3)
FNF:2
FNH:0
FNDA:0,Home
FNDA:0,(anonymous_3)
DA:3,1
DA:5,0
DA:22,0
LF:3
LH:1
BRF:0
BRH:0
end_of_record
TN:
SF:src/app/shop/page.tsx
FN:1,Shop
FN:14,(anonymous_2)
FN:58,(anonymous_3)
FN:77,(anonymous_4)
FNF:4
FNH:0
FNDA:0,Shop
FNDA:0,(anonymous_2)
FNDA:0,(anonymous_3)
FNDA:0,(anonymous_4)
DA:1,0
DA:15,0
DA:59,0
DA:78,0
LF:4
LH:0
BRDA:81,0,0,0
BRDA:81,0,1,0
BRF:2
BRH:0
end_of_record
TN:
SF:src/components/layout/Footer.tsx
FN:20,Footer
FNF:1
FNH:0
FNDA:0,Footer
DA:3,2
DA:20,0
LF:2
LH:1
BRF:0
BRH:0
end_of_record
TN:
SF:src/components/layout/Layout.tsx
FN:11,Layout
FNF:1
FNH:0
FNDA:0,Layout
DA:4,1
DA:5,1
DA:11,0
LF:3
LH:2
BRF:0
BRH:0
end_of_record
TN:
SF:src/components/navigation/Navigation.tsx
FN:12,(anonymous_2)
FN:27,Navigation
FN:47,(anonymous_4)
FNF:3
FNH:0
FNDA:0,(anonymous_2)
FNDA:0,Navigation
FNDA:0,(anonymous_4)
DA:3,1
DA:4,1
DA:12,1
DA:27,0
DA:28,0
DA:30,0
DA:48,0
LF:7
LH:3
BRDA:17,0,0,0
BRDA:17,0,1,0
BRF:2
BRH:0
end_of_record
TN:
SF:src/lib/db/prisma.ts
FN:19,(anonymous_3)
FNF:1
FNH:0
FNDA:0,(anonymous_3)
DA:1,1
DA:7,1
DA:9,6
DA:10,1
DA:15,1
DA:18,1
DA:19,0
DA:20,0
DA:21,0
DA:22,0
DA:23,0
DA:26,0
DA:30,1
LF:13
LH:7
BRDA:10,0,0,1
BRDA:10,0,1,1
BRDA:12,1,0,0
BRDA:12,1,1,1
BRDA:15,2,0,1
BRDA:18,3,0,0
BRF:6
BRH:4
end_of_record
